<?xml version="1.0" encoding="UTF-8"?>
<!-- Generated by org.testng.reporters.JUnitReportReporter -->
<testsuite hostname="Mohamed_Abdelsalam" failures="0" tests="3" name="Tests.UserRegistrationTest" time="12.456" errors="0" timestamp="08 Nov 2021 08:50:48 GMT" skipped="0">
  <testcase classname="Tests.UserRegistrationTest" name="logout_success" time="3.902"/>
  <testcase classname="Tests.UserRegistrationTest" name="login_success" time="2.626"/>
  <testcase classname="Tests.UserRegistrationTest" name="register_success" time="5.928"/>
</testsuite> <!-- Tests.UserRegistrationTest -->
